[INFO ] 2023-11-22 15:34:33.215 [main] HelperClass - The radiology assert is successful
[INFO ] 2023-11-22 15:34:34.357 [main] HelperClass - PDF downloaded successfully
[INFO ] 2023-11-22 15:46:56.031 [main] HelperClass - The website launches
[INFO ] 2023-11-22 15:47:02.704 [main] HelperClass - User logged in successfully
[INFO ] 2023-11-22 15:47:03.865 [main] HelperClass - The ambulance assert is successful
[INFO ] 2023-11-22 15:47:09.569 [main] HelperClass - Smart Hospital & Research Center
[INFO ] 2023-11-22 15:54:33.035 [main] HelperClass - The website launches
[INFO ] 2023-11-22 15:54:39.433 [main] HelperClass - User logged in successfully
[INFO ] 2023-11-22 15:54:40.878 [main] HelperClass - The radiology assert is successful
[INFO ] 2023-11-22 15:54:42.138 [main] HelperClass - PDF downloaded successfully
[INFO ] 2023-11-22 15:54:49.298 [main] HelperClass - The website launches
[INFO ] 2023-11-22 15:54:55.018 [main] HelperClass - User logged in successfully
[INFO ] 2023-11-22 15:54:56.342 [main] HelperClass - The ambulance assert is successful
[INFO ] 2023-11-22 15:55:02.343 [main] HelperClass - Smart Hospital & Research Center
[INFO ] 2023-11-22 15:55:09.767 [main] HelperClass - The website launches
[INFO ] 2023-11-22 15:55:15.401 [main] HelperClass - User logged in successfully
[INFO ] 2023-11-22 15:55:17.396 [main] HelperClass - The component issue assert is successful
[INFO ] 2023-11-22 15:55:17.746 [main] HelperClass - The component name was searched
[INFO ] 2023-11-22 15:55:25.711 [main] HelperClass - The website launches
[INFO ] 2023-11-22 15:55:37.076 [main] HelperClass - User logged in successfully
[INFO ] 2023-11-22 15:58:46.048 [main] HelperClass - The website launches
[INFO ] 2023-11-22 15:58:52.159 [main] HelperClass - User logged in successfully
[INFO ] 2023-11-22 15:58:53.595 [main] HelperClass - The radiology assert is successful
[INFO ] 2023-11-22 15:58:54.763 [main] HelperClass - PDF downloaded successfully
[INFO ] 2023-11-22 15:59:03.513 [main] HelperClass - The website launches
[INFO ] 2023-11-22 15:59:10.229 [main] HelperClass - User logged in successfully
[INFO ] 2023-11-22 15:59:12.198 [main] HelperClass - The ambulance assert is successful
[INFO ] 2023-11-22 15:59:18.843 [main] HelperClass - Smart Hospital & Research Center
[INFO ] 2023-11-22 15:59:26.674 [main] HelperClass - The website launches
[INFO ] 2023-11-22 15:59:32.468 [main] HelperClass - User logged in successfully
[INFO ] 2023-11-22 15:59:34.346 [main] HelperClass - The component issue assert is successful
[INFO ] 2023-11-22 15:59:34.621 [main] HelperClass - The component name was searched
[INFO ] 2023-11-22 15:59:44.191 [main] HelperClass - The website launches
[INFO ] 2023-11-22 15:59:50.583 [main] HelperClass - User logged in successfully
[INFO ] 2023-11-22 16:11:57.314 [main] HelperClass - The website launches
[INFO ] 2023-11-22 16:12:03.082 [main] HelperClass - User logged in successfully
[INFO ] 2023-11-22 17:26:21.190 [main] HelperClass - The website launches
[INFO ] 2023-11-22 17:26:27.043 [main] HelperClass - User logged in successfully
[INFO ] 2023-11-22 17:26:28.881 [main] HelperClass - The radiology assert is successful
[INFO ] 2023-11-22 17:26:29.718 [main] HelperClass - PDF downloaded successfully
[INFO ] 2023-11-22 17:50:19.131 [main] HelperClass - The website launches
[INFO ] 2023-11-22 17:50:26.107 [main] HelperClass - User logged in successfully
[INFO ] 2023-11-22 17:50:27.557 [main] HelperClass - The ambulance assert is successful
[INFO ] 2023-11-22 17:50:33.374 [main] HelperClass - Smart Hospital & Research Center
[INFO ] 2023-11-22 17:53:37.931 [main] HelperClass - The website launches
[INFO ] 2023-11-22 17:53:44.835 [main] HelperClass - User logged in successfully
[INFO ] 2023-11-22 17:56:30.602 [main] HelperClass - The website launches
[INFO ] 2023-11-22 17:56:37.560 [main] HelperClass - User logged in successfully
[INFO ] 2023-11-23 11:20:29.778 [main] HelperClass - The website launches
[INFO ] 2023-11-23 11:20:34.760 [main] HelperClass - User logged in successfully
[INFO ] 2023-11-23 11:20:35.459 [main] HelperClass - The radiology assert is successful
[INFO ] 2023-11-23 11:20:35.782 [main] HelperClass - PDF downloaded successfully
[INFO ] 2023-11-23 11:20:40.223 [main] HelperClass - The website launches
[INFO ] 2023-11-23 11:20:45.542 [main] HelperClass - User logged in successfully
[INFO ] 2023-11-23 11:20:46.243 [main] HelperClass - The ambulance assert is successful
[INFO ] 2023-11-23 11:20:50.210 [main] HelperClass - Smart Hospital & Research Center
[INFO ] 2023-11-23 11:20:56.227 [main] HelperClass - The website launches
[INFO ] 2023-11-23 11:21:00.851 [main] HelperClass - User logged in successfully
[INFO ] 2023-11-23 11:21:01.646 [main] HelperClass - The component issue assert is successful
[INFO ] 2023-11-23 11:21:01.721 [main] HelperClass - The component name was searched
[INFO ] 2023-11-23 11:21:05.971 [main] HelperClass - The website launches
[INFO ] 2023-11-23 11:21:10.882 [main] HelperClass - User logged in successfully
[INFO ] 2023-11-23 11:22:29.286 [main] HelperClass - The website launches
[INFO ] 2023-11-23 11:22:33.453 [main] HelperClass - User logged in successfully
[INFO ] 2023-11-23 11:22:34.298 [main] HelperClass - The radiology assert is successful
[INFO ] 2023-11-23 11:22:34.600 [main] HelperClass - PDF downloaded successfully
[INFO ] 2023-11-23 11:22:39.884 [main] HelperClass - The website launches
[INFO ] 2023-11-23 11:22:44.696 [main] HelperClass - User logged in successfully
[INFO ] 2023-11-23 11:22:45.362 [main] HelperClass - The ambulance assert is successful
[INFO ] 2023-11-23 11:22:48.442 [main] HelperClass - Smart Hospital & Research Center
[INFO ] 2023-11-23 11:22:52.592 [main] HelperClass - The website launches
[INFO ] 2023-11-23 11:22:56.627 [main] HelperClass - User logged in successfully
[INFO ] 2023-11-23 11:22:57.450 [main] HelperClass - The component issue assert is successful
[INFO ] 2023-11-23 11:22:57.527 [main] HelperClass - The component name was searched
[INFO ] 2023-11-23 11:23:01.919 [main] HelperClass - The website launches
[INFO ] 2023-11-23 11:23:07.720 [main] HelperClass - User logged in successfully
[INFO ] 2023-11-23 11:25:53.248 [main] HelperClass - The website launches
[INFO ] 2023-11-23 11:25:57.607 [main] HelperClass - User logged in successfully
[INFO ] 2023-11-23 11:25:58.282 [main] HelperClass - The radiology assert is successful
[INFO ] 2023-11-23 11:25:58.561 [main] HelperClass - PDF downloaded successfully
[INFO ] 2023-11-23 11:26:02.708 [main] HelperClass - The website launches
[INFO ] 2023-11-23 11:26:07.603 [main] HelperClass - User logged in successfully
[INFO ] 2023-11-23 11:26:08.312 [main] HelperClass - The ambulance assert is successful
[INFO ] 2023-11-23 11:26:11.969 [main] HelperClass - Smart Hospital & Research Center
[INFO ] 2023-11-23 11:26:17.034 [main] HelperClass - The website launches
[INFO ] 2023-11-23 11:26:21.783 [main] HelperClass - User logged in successfully
[INFO ] 2023-11-23 11:26:22.726 [main] HelperClass - The component issue assert is successful
[INFO ] 2023-11-23 11:26:22.807 [main] HelperClass - The component name was searched
[INFO ] 2023-11-23 11:26:27.312 [main] HelperClass - The website launches
[INFO ] 2023-11-23 11:26:32.291 [main] HelperClass - User logged in successfully
[INFO ] 2023-11-23 11:36:25.389 [main] HelperClass - The website launches
[INFO ] 2023-11-23 11:36:35.050 [main] HelperClass - User logged in successfully
[INFO ] 2023-11-23 11:36:35.958 [main] HelperClass - The radiology assert is successful
[INFO ] 2023-11-23 11:36:36.601 [main] HelperClass - PDF downloaded successfully
[INFO ] 2023-11-23 11:36:42.646 [main] HelperClass - The website launches
[INFO ] 2023-11-23 11:36:52.679 [main] HelperClass - User logged in successfully
[INFO ] 2023-11-23 11:36:53.516 [main] HelperClass - The ambulance assert is successful
[INFO ] 2023-11-23 11:36:56.990 [main] HelperClass - Smart Hospital & Research Center
[INFO ] 2023-11-23 11:37:02.356 [main] HelperClass - The website launches
[INFO ] 2023-11-23 11:37:12.931 [main] HelperClass - User logged in successfully
[INFO ] 2023-11-23 11:37:13.968 [main] HelperClass - The component issue assert is successful
[INFO ] 2023-11-23 11:37:14.067 [main] HelperClass - The component name was searched
[INFO ] 2023-11-23 11:37:19.758 [main] HelperClass - The website launches
[INFO ] 2023-11-23 11:37:30.610 [main] HelperClass - User logged in successfully
[INFO ] 2023-11-23 11:37:56.619 [main] HelperClass - The website launches
[INFO ] 2023-11-23 11:38:08.371 [main] HelperClass - User logged in successfully
[INFO ] 2023-11-23 11:38:09.609 [main] HelperClass - The radiology assert is successful
[INFO ] 2023-11-23 11:38:09.957 [main] HelperClass - PDF downloaded successfully
[INFO ] 2023-11-23 11:38:14.991 [main] HelperClass - The website launches
[INFO ] 2023-11-23 11:38:26.364 [main] HelperClass - User logged in successfully
[INFO ] 2023-11-23 11:38:27.356 [main] HelperClass - The ambulance assert is successful
[INFO ] 2023-11-23 11:38:31.934 [main] HelperClass - Smart Hospital & Research Center
[INFO ] 2023-11-23 11:38:37.284 [main] HelperClass - The website launches
[INFO ] 2023-11-23 11:38:47.735 [main] HelperClass - User logged in successfully
[INFO ] 2023-11-23 11:38:48.803 [main] HelperClass - The component issue assert is successful
[INFO ] 2023-11-23 11:38:48.912 [main] HelperClass - The component name was searched
[INFO ] 2023-11-23 11:38:54.020 [main] HelperClass - The website launches
[INFO ] 2023-11-23 11:39:04.965 [main] HelperClass - User logged in successfully
[INFO ] 2023-11-23 11:48:04.513 [main] HelperClass - The website launches
[INFO ] 2023-11-23 11:48:16.137 [main] HelperClass - User logged in successfully
[INFO ] 2023-11-23 11:48:17.120 [main] HelperClass - The ambulance assert is successful
[INFO ] 2023-11-23 11:51:41.834 [main] HelperClass - The website launches
[INFO ] 2023-11-23 11:51:53.863 [main] HelperClass - User logged in successfully
[INFO ] 2023-11-23 11:51:55.480 [main] HelperClass - The ambulance assert is successful
[INFO ] 2023-11-23 11:51:58.460 [main] HelperClass - The payment is asserted
[INFO ] 2023-11-23 12:58:43.791 [main] HelperClass - The website launches
[INFO ] 2023-11-23 12:58:49.911 [main] HelperClass - User logged in successfully
[INFO ] 2023-11-23 12:59:33.129 [main] HelperClass - The website launches
[INFO ] 2023-11-23 12:59:38.848 [main] HelperClass - User logged in successfully
[INFO ] 2023-11-23 12:59:39.799 [main] HelperClass - The radiology assert is successful
[INFO ] 2023-11-23 12:59:40.300 [main] HelperClass - PDF downloaded successfully
[INFO ] 2023-11-23 12:59:44.937 [main] HelperClass - The website launches
[INFO ] 2023-11-23 12:59:50.446 [main] HelperClass - User logged in successfully
[INFO ] 2023-11-23 12:59:51.286 [main] HelperClass - The ambulance assert is successful
[INFO ] 2023-11-23 12:59:55.460 [main] HelperClass - The payment is asserted
[INFO ] 2023-11-23 13:00:00.196 [main] HelperClass - The website launches
[INFO ] 2023-11-23 13:00:06.590 [main] HelperClass - User logged in successfully
[INFO ] 2023-11-23 13:00:07.744 [main] HelperClass - The component issue assert is successful
[INFO ] 2023-11-23 13:00:07.927 [main] HelperClass - The component name was searched
[INFO ] 2023-11-23 13:00:12.698 [main] HelperClass - The website launches
[INFO ] 2023-11-23 13:00:18.162 [main] HelperClass - User logged in successfully
[INFO ] 2023-11-23 13:08:05.386 [main] HelperClass - The website launches
[INFO ] 2023-11-23 13:08:11.427 [main] HelperClass - User logged in successfully
[INFO ] 2023-11-23 13:08:12.343 [main] HelperClass - The radiology assert is successful
[INFO ] 2023-11-23 13:08:13.005 [main] HelperClass - PDF downloaded successfully
[INFO ] 2023-11-23 13:08:17.712 [main] HelperClass - The website launches
[INFO ] 2023-11-23 13:08:23.085 [main] HelperClass - User logged in successfully
[INFO ] 2023-11-23 13:08:23.915 [main] HelperClass - The ambulance assert is successful
[INFO ] 2023-11-23 13:08:27.421 [main] HelperClass - The payment is asserted
[INFO ] 2023-11-23 13:08:32.220 [main] HelperClass - The website launches
[INFO ] 2023-11-23 13:08:37.744 [main] HelperClass - User logged in successfully
[INFO ] 2023-11-23 13:08:38.661 [main] HelperClass - The component issue assert is successful
[INFO ] 2023-11-23 13:08:38.745 [main] HelperClass - The component name was searched
[INFO ] 2023-11-23 13:08:43.361 [main] HelperClass - The website launches
[INFO ] 2023-11-23 13:08:48.706 [main] HelperClass - User logged in successfully
[INFO ] 2023-11-23 13:08:49.808 [main] HelperClass - The message is delivered
[INFO ] 2023-11-23 13:10:15.301 [main] HelperClass - The website launches
[INFO ] 2023-11-23 13:10:21.533 [main] HelperClass - User logged in successfully
[INFO ] 2023-11-23 13:10:22.384 [main] HelperClass - The radiology assert is successful
[INFO ] 2023-11-23 13:10:22.972 [main] HelperClass - PDF downloaded successfully
[INFO ] 2023-11-23 13:10:27.893 [main] HelperClass - The website launches
[INFO ] 2023-11-23 13:10:33.589 [main] HelperClass - User logged in successfully
[INFO ] 2023-11-23 13:10:34.410 [main] HelperClass - The ambulance assert is successful
[INFO ] 2023-11-23 13:10:37.896 [main] HelperClass - The payment is asserted
[INFO ] 2023-11-23 13:10:42.757 [main] HelperClass - The website launches
[INFO ] 2023-11-23 13:10:48.192 [main] HelperClass - User logged in successfully
[INFO ] 2023-11-23 13:10:49.290 [main] HelperClass - The component issue assert is successful
[INFO ] 2023-11-23 13:10:49.383 [main] HelperClass - The component name was searched
[INFO ] 2023-11-23 13:10:54.073 [main] HelperClass - The website launches
[INFO ] 2023-11-23 13:10:59.489 [main] HelperClass - User logged in successfully
[INFO ] 2023-11-23 13:11:00.864 [main] HelperClass - The message is delivered
[INFO ] 2023-11-23 14:58:38.295 [main] HelperClass - The website launches
[INFO ] 2023-11-23 14:58:44.560 [main] HelperClass - User logged in successfully
[INFO ] 2023-11-23 14:58:46.394 [main] HelperClass - The radiology assert is successful
[INFO ] 2023-11-23 14:58:46.819 [main] HelperClass - PDF downloaded successfully
[INFO ] 2023-11-23 14:58:52.519 [main] HelperClass - The website launches
[INFO ] 2023-11-23 14:58:58.244 [main] HelperClass - User logged in successfully
[INFO ] 2023-11-23 14:58:59.111 [main] HelperClass - The ambulance assert is successful
[INFO ] 2023-11-23 14:59:04.481 [main] HelperClass - The payment is asserted
[INFO ] 2023-11-23 14:59:10.773 [main] HelperClass - The website launches
[INFO ] 2023-11-23 14:59:17.726 [main] HelperClass - User logged in successfully
[INFO ] 2023-11-23 14:59:19.476 [main] HelperClass - The component issue assert is successful
[INFO ] 2023-11-23 14:59:19.590 [main] HelperClass - The component name was searched
[INFO ] 2023-11-23 14:59:24.831 [main] HelperClass - The website launches
[INFO ] 2023-11-23 14:59:30.711 [main] HelperClass - User logged in successfully
[INFO ] 2023-11-23 15:03:57.882 [main] HelperClass - The website launches
[INFO ] 2023-11-23 15:04:03.153 [main] HelperClass - User logged in successfully
[INFO ] 2023-11-23 15:04:04.174 [main] HelperClass - The radiology assert is successful
[INFO ] 2023-11-23 15:04:04.751 [main] HelperClass - PDF downloaded successfully
[INFO ] 2023-11-23 15:04:11.417 [main] HelperClass - The website launches
[INFO ] 2023-11-23 15:04:16.105 [main] HelperClass - User logged in successfully
[INFO ] 2023-11-23 15:04:17.057 [main] HelperClass - The ambulance assert is successful
[INFO ] 2023-11-23 15:04:20.986 [main] HelperClass - The payment is asserted
[INFO ] 2023-11-23 15:04:26.777 [main] HelperClass - The website launches
[INFO ] 2023-11-23 15:04:31.834 [main] HelperClass - User logged in successfully
[INFO ] 2023-11-23 15:04:33.060 [main] HelperClass - The component issue assert is successful
[INFO ] 2023-11-23 15:04:33.182 [main] HelperClass - The component name was searched
[INFO ] 2023-11-23 15:04:38.838 [main] HelperClass - The website launches
[INFO ] 2023-11-23 15:04:44.398 [main] HelperClass - User logged in successfully
[INFO ] 2023-11-23 15:04:50.709 [main] HelperClass - The message is delivered
[INFO ] 2023-11-23 15:09:12.182 [main] HelperClass - The website launches
[INFO ] 2023-11-23 15:09:19.826 [main] HelperClass - User logged in successfully
[INFO ] 2023-11-23 15:09:20.694 [main] HelperClass - The radiology assert is successful
[INFO ] 2023-11-23 15:09:21.166 [main] HelperClass - PDF downloaded successfully
[INFO ] 2023-11-23 15:09:26.518 [main] HelperClass - The website launches
[INFO ] 2023-11-23 15:09:31.446 [main] HelperClass - User logged in successfully
[INFO ] 2023-11-23 15:09:32.359 [main] HelperClass - The ambulance assert is successful
[INFO ] 2023-11-23 15:09:36.175 [main] HelperClass - The payment is asserted
[INFO ] 2023-11-23 15:09:41.670 [main] HelperClass - The website launches
[INFO ] 2023-11-23 15:09:46.768 [main] HelperClass - User logged in successfully
[INFO ] 2023-11-23 15:09:47.985 [main] HelperClass - The component issue assert is successful
[INFO ] 2023-11-23 15:09:48.102 [main] HelperClass - The component name was searched
[INFO ] 2023-11-23 15:09:53.607 [main] HelperClass - The website launches
[INFO ] 2023-11-23 15:09:58.663 [main] HelperClass - User logged in successfully
[INFO ] 2023-11-23 15:10:04.649 [main] HelperClass - The message is delivered
[INFO ] 2023-11-27 11:13:10.627 [main] HelperClass - The website launches
[INFO ] 2023-11-27 11:13:15.422 [main] HelperClass - User logged in successfully
[INFO ] 2023-11-27 11:13:16.284 [main] HelperClass - The radiology assert is successful
[INFO ] 2023-11-27 11:13:16.738 [main] HelperClass - PDF downloaded successfully
[INFO ] 2023-11-27 11:13:21.453 [main] HelperClass - The website launches
[INFO ] 2023-11-27 11:13:26.142 [main] HelperClass - User logged in successfully
[INFO ] 2023-11-27 11:13:27.023 [main] HelperClass - The ambulance assert is successful
[INFO ] 2023-11-27 11:13:30.837 [main] HelperClass - The payment is asserted
[INFO ] 2023-11-27 11:13:38.720 [main] HelperClass - The website launches
[INFO ] 2023-11-27 11:13:44.290 [main] HelperClass - User logged in successfully
[INFO ] 2023-11-27 11:13:45.383 [main] HelperClass - The component issue assert is successful
[INFO ] 2023-11-27 11:13:45.596 [main] HelperClass - The component name was searched
[INFO ] 2023-11-27 11:13:49.962 [main] HelperClass - The website launches
[INFO ] 2023-11-27 11:13:55.201 [main] HelperClass - User logged in successfully
[INFO ] 2023-11-27 11:14:01.564 [main] HelperClass - The message is delivered
[INFO ] 2023-11-27 11:14:35.122 [main] HelperClass - The website launches
[INFO ] 2023-11-27 11:14:40.082 [main] HelperClass - User logged in successfully
[INFO ] 2023-11-27 11:14:40.970 [main] HelperClass - The radiology assert is successful
[INFO ] 2023-11-27 11:14:41.511 [main] HelperClass - PDF downloaded successfully
[INFO ] 2023-11-27 11:14:46.207 [main] HelperClass - The website launches
[INFO ] 2023-11-27 11:14:51.037 [main] HelperClass - User logged in successfully
[INFO ] 2023-11-27 11:14:51.909 [main] HelperClass - The ambulance assert is successful
[INFO ] 2023-11-27 11:14:56.054 [main] HelperClass - The payment is asserted
[INFO ] 2023-11-27 11:15:01.570 [main] HelperClass - The website launches
[INFO ] 2023-11-27 11:15:06.457 [main] HelperClass - User logged in successfully
[INFO ] 2023-11-27 11:15:07.593 [main] HelperClass - The component issue assert is successful
[INFO ] 2023-11-27 11:15:07.785 [main] HelperClass - The component name was searched
[INFO ] 2023-11-27 11:15:12.261 [main] HelperClass - The website launches
[INFO ] 2023-11-27 11:15:17.357 [main] HelperClass - User logged in successfully
[INFO ] 2023-11-27 11:15:23.735 [main] HelperClass - The message is delivered
[INFO ] 2023-11-27 11:17:13.233 [main] HelperClass - The website launches
[INFO ] 2023-11-27 11:17:18.738 [main] HelperClass - User logged in successfully
[INFO ] 2023-11-27 11:17:19.572 [main] HelperClass - The radiology assert is successful
[INFO ] 2023-11-27 11:17:20.039 [main] HelperClass - PDF downloaded successfully
[INFO ] 2023-11-27 11:17:24.947 [main] HelperClass - The website launches
[INFO ] 2023-11-27 11:17:30.214 [main] HelperClass - User logged in successfully
[INFO ] 2023-11-27 11:17:31.157 [main] HelperClass - The ambulance assert is successful
[INFO ] 2023-11-27 11:17:35.338 [main] HelperClass - The payment is asserted
[INFO ] 2023-11-27 11:17:39.765 [main] HelperClass - The website launches
[INFO ] 2023-11-27 11:17:44.782 [main] HelperClass - User logged in successfully
[INFO ] 2023-11-27 11:17:45.978 [main] HelperClass - The component issue assert is successful
[INFO ] 2023-11-27 11:17:46.145 [main] HelperClass - The component name was searched
[INFO ] 2023-11-27 11:17:50.608 [main] HelperClass - The website launches
[INFO ] 2023-11-27 11:17:55.636 [main] HelperClass - User logged in successfully
[INFO ] 2023-11-27 11:18:01.921 [main] HelperClass - The message is delivered
[INFO ] 2023-11-27 11:19:01.431 [main] HelperClass - The website launches
[INFO ] 2023-11-27 11:19:07.281 [main] HelperClass - User logged in successfully
[INFO ] 2023-11-27 11:19:08.782 [main] HelperClass - The radiology assert is successful
[INFO ] 2023-11-27 11:19:09.521 [main] HelperClass - PDF downloaded successfully
[INFO ] 2023-11-27 11:19:14.841 [main] HelperClass - The website launches
[INFO ] 2023-11-27 11:19:20.375 [main] HelperClass - User logged in successfully
[INFO ] 2023-11-27 11:19:21.480 [main] HelperClass - The ambulance assert is successful
[INFO ] 2023-11-27 11:19:26.782 [main] HelperClass - The payment is asserted
[INFO ] 2023-11-27 11:19:31.609 [main] HelperClass - The website launches
[INFO ] 2023-11-27 11:19:37.158 [main] HelperClass - User logged in successfully
[INFO ] 2023-11-27 11:19:38.639 [main] HelperClass - The component issue assert is successful
[INFO ] 2023-11-27 11:19:38.995 [main] HelperClass - The component name was searched
[INFO ] 2023-11-27 11:19:43.786 [main] HelperClass - The website launches
[INFO ] 2023-11-27 11:19:49.345 [main] HelperClass - User logged in successfully
[INFO ] 2023-11-27 11:19:55.380 [main] HelperClass - The message is delivered
